<?xml version="1.0" encoding="UTF-8"?>
<!-- Generated by org.testng.reporters.JUnitReportReporter -->
<testsuite hostname="DESKTOP-I3SSHQC" failures="0" tests="1" name="test.TESTFramework" time="13.093" errors="0" timestamp="2020-02-25T14:46:13 IST" skipped="0">
  <testcase classname="test.TESTFramework" name="enter" time="13.093"/>
</testsuite> <!-- test.TESTFramework -->
