<?xml version="1.0" encoding="UTF-8"?>
<!-- Generated by org.testng.reporters.JUnitReportReporter -->
<testsuite hostname="DESKTOP-I3SSHQC" failures="0" tests="1" name="test.TESTFramework" time="8.952" errors="0" timestamp="2020-02-25T17:10:37 IST" skipped="0">
  <testcase classname="test.TESTFramework" name="enter" time="8.952"/>
</testsuite> <!-- test.TESTFramework -->
